Mean PIR = nan
=== Stage D (metrics) ===
pairs_scored=0
missing_seed=32
missing_para=0
short_lists=0
mean_pir=nan

=== Stage D (metrics) ===
pairs_scored=32
missing_seed=0
missing_para=0
short_lists=0
mean_pir=0.6349245779703125

=== Stage D (metrics) ===
pairs_scored=32
missing_seed=0
missing_para=0
short_lists=0
mean_pir=0.6349245779703125

=== Stage D (metrics) ===
pairs_scored=0
missing_seed=32
missing_para=0
short_lists=0
mean_pir=nan

=== Stage D (metrics) ===
pairs_scored=0
missing_seed=32
missing_para=0
short_lists=0
mean_pir=nan

=== Stage D (metrics) ===
pairs_scored=0
missing_seed=32
missing_para=0
short_lists=0
mean_pir=nan

=== Stage D (metrics) ===
pairs_scored=32
missing_seed=0
missing_para=0
short_lists=0
mean_pir=0.6349245779703125

